<?xml version="1.0" encoding="UTF-8"?>
<testsuites>
  <testsuite name="fastlane.lanes">
    
    
    
      
      <testcase classname="fastlane.lanes" name="0: Verifying required fastlane version" time="0.002318">
        
      </testcase>
    
      
      <testcase classname="fastlane.lanes" name="1: default_platform" time="0.001778">
        
      </testcase>
    
      
      <testcase classname="fastlane.lanes" name="2: increment_version_code" time="0.545219">
        
      </testcase>
    
      
      <testcase classname="fastlane.lanes" name="3: git_commit" time="0.075644">
        
      </testcase>
    
      
      <testcase classname="fastlane.lanes" name="4: push_to_git_remote" time="3.182116">
        
      </testcase>
    
      
      <testcase classname="fastlane.lanes" name="5: gradle" time="12.826824">
        
          <failure message="/Users/raphaelseher/.fastlane/bin/bundle/lib/ruby/gems/2.2.0/gems/fastlane-2.39.2/fastlane/lib/fastlane/actions/actions_helper.rb:48:in `execute_action'&#10;/Users/raphaelseher/.fastlane/bin/bundle/lib/ruby/gems/2.2.0/gems/fastlane-2.39.2/fastlane/lib/fastlane/runner.rb:230:in `block in execute_action'&#10;/Users/raphaelseher/.fastlane/bin/bundle/lib/ruby/gems/2.2.0/gems/fastlane-2.39.2/fastlane/lib/fastlane/runner.rb:226:in `chdir'&#10;/Users/raphaelseher/.fastlane/bin/bundle/lib/ruby/gems/2.2.0/gems/fastlane-2.39.2/fastlane/lib/fastlane/runner.rb:226:in `execute_action'&#10;/Users/raphaelseher/.fastlane/bin/bundle/lib/ruby/gems/2.2.0/gems/fastlane-2.39.2/fastlane/lib/fastlane/runner.rb:148:in `trigger_action_by_name'&#10;/Users/raphaelseher/.fastlane/bin/bundle/lib/ruby/gems/2.2.0/gems/fastlane-2.39.2/fastlane/lib/fastlane/fast_file.rb:146:in `method_missing'&#10;Fastfile:38:in `block (2 levels) in parsing_binding'&#10;/Users/raphaelseher/.fastlane/bin/bundle/lib/ruby/gems/2.2.0/gems/fastlane-2.39.2/fastlane/lib/fastlane/lane.rb:33:in `call'&#10;/Users/raphaelseher/.fastlane/bin/bundle/lib/ruby/gems/2.2.0/gems/fastlane-2.39.2/fastlane/lib/fastlane/lane.rb:33:in `call'&#10;/Users/raphaelseher/.fastlane/bin/bundle/lib/ruby/gems/2.2.0/gems/fastlane-2.39.2/fastlane/lib/fastlane/runner.rb:49:in `block in execute'&#10;/Users/raphaelseher/.fastlane/bin/bundle/lib/ruby/gems/2.2.0/gems/fastlane-2.39.2/fastlane/lib/fastlane/runner.rb:45:in `chdir'&#10;/Users/raphaelseher/.fastlane/bin/bundle/lib/ruby/gems/2.2.0/gems/fastlane-2.39.2/fastlane/lib/fastlane/runner.rb:45:in `execute'&#10;/Users/raphaelseher/.fastlane/bin/bundle/lib/ruby/gems/2.2.0/gems/fastlane-2.39.2/fastlane/lib/fastlane/lane_manager.rb:52:in `cruise_lane'&#10;/Users/raphaelseher/.fastlane/bin/bundle/lib/ruby/gems/2.2.0/gems/fastlane-2.39.2/fastlane/lib/fastlane/command_line_handler.rb:30:in `handle'&#10;/Users/raphaelseher/.fastlane/bin/bundle/lib/ruby/gems/2.2.0/gems/fastlane-2.39.2/fastlane/lib/fastlane/commands_generator.rb:104:in `block (2 levels) in run'&#10;/Users/raphaelseher/.fastlane/bin/bundle/lib/ruby/gems/2.2.0/gems/commander-fastlane-4.4.4/lib/commander/command.rb:178:in `call'&#10;/Users/raphaelseher/.fastlane/bin/bundle/lib/ruby/gems/2.2.0/gems/commander-fastlane-4.4.4/lib/commander/command.rb:178:in `call'&#10;/Users/raphaelseher/.fastlane/bin/bundle/lib/ruby/gems/2.2.0/gems/commander-fastlane-4.4.4/lib/commander/command.rb:153:in `run'&#10;/Users/raphaelseher/.fastlane/bin/bundle/lib/ruby/gems/2.2.0/gems/commander-fastlane-4.4.4/lib/commander/runner.rb:476:in `run_active_command'&#10;/Users/raphaelseher/.fastlane/bin/bundle/lib/ruby/gems/2.2.0/gems/fastlane-2.39.2/fastlane_core/lib/fastlane_core/ui/fastlane_runner.rb:39:in `run!'&#10;/Users/raphaelseher/.fastlane/bin/bundle/lib/ruby/gems/2.2.0/gems/commander-fastlane-4.4.4/lib/commander/delegates.rb:15:in `run!'&#10;/Users/raphaelseher/.fastlane/bin/bundle/lib/ruby/gems/2.2.0/gems/fastlane-2.39.2/fastlane/lib/fastlane/commands_generator.rb:303:in `run'&#10;/Users/raphaelseher/.fastlane/bin/bundle/lib/ruby/gems/2.2.0/gems/fastlane-2.39.2/fastlane/lib/fastlane/commands_generator.rb:42:in `start'&#10;/Users/raphaelseher/.fastlane/bin/bundle/lib/ruby/gems/2.2.0/gems/fastlane-2.39.2/fastlane/lib/fastlane/cli_tools_distributor.rb:66:in `take_off'&#10;/Users/raphaelseher/.fastlane/bin/bundle/lib/ruby/gems/2.2.0/gems/fastlane-2.39.2/bin/fastlane:20:in `&lt;top (required)&gt;'&#10;/Users/raphaelseher/.fastlane/bin/bundle/bin/fastlane:22:in `load'&#10;/Users/raphaelseher/.fastlane/bin/bundle/bin/fastlane:22:in `&lt;main&gt;'&#10;&#10;Exit status of command '/Users/raphaelseher/dev/xamoom-pingeborg-android/xamoom-pingeborg-android/gradlew :app:assembleRelease -p .' was 1 instead of 0.&#10;Starting a Gradle Daemon, 2 stopped Daemons could not be reused, use --status for details&#10;NDK is missing a &quot;platforms&quot; directory.&#10;If you are using NDK, verify the ndk.dir is set to a valid NDK directory.  It is currently set to /Users/raphaelseher/Library/Android/sdk/ndk-bundle.&#10;If you are not using NDK, unset the NDK variable from ANDROID_NDK_HOME or local.properties to remove this warning.&#10;&#10;NDK is missing a &quot;platforms&quot; directory.&#10;If you are using NDK, verify the ndk.dir is set to a valid NDK directory.  It is currently set to /Users/raphaelseher/Library/Android/sdk/ndk-bundle.&#10;If you are not using NDK, unset the NDK variable from ANDROID_NDK_HOME or local.properties to remove this warning.&#10;&#10;Incremental java compilation is an incubating feature.&#10;:app:preBuild UP-TO-DATE&#10;:app:preReleaseBuild UP-TO-DATE&#10;:app:checkReleaseManifest&#10;:app:preDebugBuild UP-TO-DATE&#10;:app:prepareComAndroidSupportAnimatedVectorDrawable2421Library&#10;:app:prepareComAndroidSupportAppcompatV72421Library&#10;:app:prepareComAndroidSupportCardviewV72421Library&#10;:app:prepareComAndroidSupportDesign2421Library&#10;:app:preDebugAndroidTestBuild UP-TO-DATE&#10;:app:prepareComAndroidSupportMultidex101Library&#10;:app:prepareComAndroidSupportRecyclerviewV72421Library&#10;:app:prepareComAndroidSupportSupportCompat2421Library&#10;:app:prepareComAndroidSupportSupportCoreUi2421Library&#10;:app:prepareComAndroidSupportSupportCoreUtils2421Library&#10;:app:prepareComAndroidSupportSupportFragment2421Library&#10;:app:prepareComAndroidSupportSupportMediaCompat2421Library&#10;:app:prepareComAndroidSupportSupportV132421Library&#10;:app:prepareComAndroidSupportSupportV42421Library&#10;:app:prepareComAndroidSupportSupportVectorDrawable2421Library&#10;:app:prepareComGoogleAndroidGmsPlayServicesAnalytics940Library&#10;:app:prepareComGoogleAndroidGmsPlayServicesAnalyticsImpl940Library&#10;:app:prepareComGoogleAndroidGmsPlayServicesBase940Library&#10;:app:prepareComGoogleAndroidGmsPlayServicesBasement940Library&#10;:app:prepareComGoogleAndroidGmsPlayServicesMaps940Library&#10;:app:prepareComGoogleAndroidGmsPlayServicesTasks940Library&#10;:app:prepareComXamoomAndroidMorpheus043Library&#10;:app:prepareComXamoomAndroidXamoomsdk325Library&#10;:app:prepareJpCoCyberagentAndroidGpuimageGpuimageLibrary123Library&#10;:app:prepareJpWasabeefGlideTransformations106Library&#10;:app:prepareOrgAltbeaconAndroidBeaconLibrary210Library&#10;:qrcodereaderview:preBuild UP-TO-DATE&#10;:qrcodereaderview:preReleaseBuild UP-TO-DATE&#10;:qrcodereaderview:checkReleaseManifest&#10;:qrcodereaderview:prepareReleaseDependencies&#10;:qrcodereaderview:compileReleaseAidl&#10;:qrcodereaderview:compileReleaseNdk UP-TO-DATE&#10;:qrcodereaderview:compileLint&#10;:qrcodereaderview:copyReleaseLint UP-TO-DATE&#10;:qrcodereaderview:mergeReleaseShaders&#10;:qrcodereaderview:compileReleaseShaders&#10;:qrcodereaderview:generateReleaseAssets&#10;:qrcodereaderview:mergeReleaseAssets&#10;:qrcodereaderview:mergeReleaseProguardFiles&#10;:qrcodereaderview:packageReleaseRenderscript UP-TO-DATE&#10;:qrcodereaderview:compileReleaseRenderscript&#10;:qrcodereaderview:generateReleaseResValues&#10;:qrcodereaderview:generateReleaseResources&#10;:qrcodereaderview:packageReleaseResources&#10;:qrcodereaderview:processReleaseManifest&#10;:qrcodereaderview:generateReleaseBuildConfig UP-TO-DATE&#10;:qrcodereaderview:processReleaseResources UP-TO-DATE&#10;:qrcodereaderview:generateReleaseSources&#10;:qrcodereaderview:incrementalReleaseJavaCompilationSafeguard UP-TO-DATE&#10;:qrcodereaderview:javaPreCompileRelease&#10;:qrcodereaderview:compileReleaseJavaWithJavac UP-TO-DATE&#10;:qrcodereaderview:processReleaseJavaRes UP-TO-DATE&#10;:qrcodereaderview:transformResourcesWithMergeJavaResForRelease UP-TO-DATE&#10;:qrcodereaderview:transformClassesAndResourcesWithSyncLibJarsForRelease UP-TO-DATE&#10;:qrcodereaderview:mergeReleaseJniLibFolders UP-TO-DATE&#10;:qrcodereaderview:transformNativeLibsWithMergeJniLibsForRelease UP-TO-DATE&#10;:qrcodereaderview:transformNativeLibsWithSyncJniLibsForRelease UP-TO-DATE&#10;:qrcodereaderview:bundleRelease UP-TO-DATE&#10;:app:prepareReleaseDependencies&#10;:app:compileReleaseAidl UP-TO-DATE&#10;:app:compileReleaseRenderscript UP-TO-DATE&#10;:app:generateReleaseBuildConfig&#10;:app:generateReleaseResValues UP-TO-DATE&#10;:app:generateReleaseResources UP-TO-DATE&#10;:app:mergeReleaseResources&#10;/Users/raphaelseher/dev/xamoom-pingeborg-android/xamoom-pingeborg-android/app/src/main/res/values/strings.xml:35:53: Error: The entity name must immediately follow the '&amp;' in the entity reference.&#10;/Users/raphaelseher/dev/xamoom-pingeborg-android/xamoom-pingeborg-android/app/src/main/res/values-de/strings.xml:30:53: Error: The entity name must immediately follow the '&amp;' in the entity reference.&#10;:app:mergeReleaseResources FAILED&#10;&#10;FAILURE: Build failed with an exception.&#10;&#10;* What went wrong:&#10;Execution failed for task ':app:mergeReleaseResources'.&#10;&gt; /Users/raphaelseher/dev/xamoom-pingeborg-android/xamoom-pingeborg-android/app/src/main/res/values/strings.xml:35:53: Error: The entity name must immediately follow the '&amp;' in the entity reference.&#10;  /Users/raphaelseher/dev/xamoom-pingeborg-android/xamoom-pingeborg-android/app/src/main/res/values-de/strings.xml:30:53: Error: The entity name must immediately follow the '&amp;' in the entity reference.&#10;&#10;* Try:&#10;Run with --stacktrace option to get the stack trace. Run with --info or --debug option to get more log output.&#10;&#10;BUILD FAILED&#10;&#10;Total time: 11.943 secs&#10;" />
        
      </testcase>
    
  </testsuite>
</testsuites>
